app/build/outputs/logs/manifest-merger-debug-report.txt
-- Merging decision tree log ---
manifest
ADDED from src\main\AndroidManifest.xml:2:1-192:12
INJECTED from src\main\AndroidManifest.xml:2:1-192:12
INJECTED from src\main\AndroidManifest.xml:2:1-192:12
INJECTED from src\main\AndroidManifest.xml:2:1-192:12
MERGED from [com.google.ar:core:1.10.0] AndroidManifest.xml:17:1-46:12
INJECTED from src\main\AndroidManifest.xml:2:1-192:12
INJECTED from src\main\AndroidManifest.xml:2:1-192:12
INJECTED from src\main\AndroidManifest.xml:2:1-192:12
	package
		ADDED from src\main\AndroidManifest.xml:3:5-45
		INJECTED from src\main\AndroidManifest.xml
		INJECTED from src\main\AndroidManifest.xml
	android:versionName
		INJECTED from src\main\AndroidManifest.xml
		ADDED from src\main\AndroidManifest.xml:2:1-192:12
		INJECTED from src\main\AndroidManifest.xml
	android:versionCode
		INJECTED from src\main\AndroidManifest.xml
		ADDED from src\main\AndroidManifest.xml:2:1-192:12
		INJECTED from src\main\AndroidManifest.xml
	xmlns:android
		ADDED from src\main\AndroidManifest.xml:2:11-69
uses-feature#0x00020000
ADDED from src\main\AndroidManifest.xml:5:5-54
	android:glEsVersion
		ADDED from src\main\AndroidManifest.xml:5:19-51
uses-feature#android.hardware.camera
ADDED from src\main\AndroidManifest.xml:21:5-60
	android:name
		ADDED from src\main\AndroidManifest.xml:21:19-57
uses-permission#android.permission.CAMERA
ADDED from src\main\AndroidManifest.xml:26:5-65
	android:name
		ADDED from src\main\AndroidManifest.xml:26:22-62
uses-permission#android.permission.INTERNET
ADDED from src\main\AndroidManifest.xml:31:5-66
	android:name
		ADDED from src\main\AndroidManifest.xml:31:22-64
uses-permission#android.permission.ACCESS_NETWORK_STATE
ADDED from src\main\AndroidManifest.xml:37:5-79
	android:name
		ADDED from src\main\AndroidManifest.xml:37:22-76
uses-permission#android.permission.READ_EXTERNAL_STORAGE
ADDED from src\main\AndroidManifest.xml:39:5-79
	android:name
		ADDED from src\main\AndroidManifest.xml:39:22-77
application
ADDED from src\main\AndroidManifest.xml:51:5-190:19
MERGED from [com.google.ar:core:1.10.0] AndroidManifest.xml:30:5-44:19
MERGED from [com.google.ar:core:1.10.0] AndroidManifest.xml:30:5-44:19
	android:supportsRtl
		ADDED from src\main\AndroidManifest.xml:58:9-36
	android:label
		ADDED from src\main\AndroidManifest.xml:53:9-41
	android:launchMode
		ADDED from src\main\AndroidManifest.xml:55:9-40
	android:icon
		ADDED from src\main\AndroidManifest.xml:52:9-38
	android:allowBackup
		ADDED from src\main\AndroidManifest.xml:56:9-35
	android:description
		ADDED from src\main\AndroidManifest.xml:54:9-54
	android:theme
		ADDED from src\main\AndroidManifest.xml:57:9-47
meta-data#com.google.ar.core
ADDED from src\main\AndroidManifest.xml:62:9-81
	android:value
		ADDED from src\main\AndroidManifest.xml:62:54-78
	android:name
		ADDED from src\main\AndroidManifest.xml:62:20-53
activity#com.vuforia.engine.CoreSamples.ui.ActivityList.ActivitySplashScreen
ADDED from src\main\AndroidManifest.xml:80:10-91:21
	android:screenOrientation
		ADDED from src\main\AndroidManifest.xml:83:13-49
	android:noHistory
		ADDED from src\main\AndroidManifest.xml:84:13-37
	android:configChanges
		ADDED from src\main\AndroidManifest.xml:82:13-93
	android:name
		ADDED from src\main\AndroidManifest.xml:81:13-95
intent-filter#action:name:android.intent.action.MAIN+category:name:android.intent.category.LAUNCHER
ADDED from src\main\AndroidManifest.xml:86:13-90:29
action#android.intent.action.MAIN
ADDED from src\main\AndroidManifest.xml:87:17-69
	android:name
		ADDED from src\main\AndroidManifest.xml:87:25-66
category#android.intent.category.LAUNCHER
ADDED from src\main\AndroidManifest.xml:89:17-77
	android:name
		ADDED from src\main\AndroidManifest.xml:89:27-74
activity#com.vuforia.engine.CoreSamples.ui.ActivityList.ActivityLauncher
ADDED from src\main\AndroidManifest.xml:93:9-98:20
	android:screenOrientation
		ADDED from src\main\AndroidManifest.xml:96:13-49
	android:configChanges
		ADDED from src\main\AndroidManifest.xml:95:13-93
	android:name
		ADDED from src\main\AndroidManifest.xml:94:13-91
activity#com.vuforia.engine.CoreSamples.ui.ActivityList.AboutScreen
ADDED from src\main\AndroidManifest.xml:100:10-106:20
	android:screenOrientation
		ADDED from src\main\AndroidManifest.xml:103:13-49
	android:noHistory
		ADDED from src\main\AndroidManifest.xml:104:13-37
	android:configChanges
		ADDED from src\main\AndroidManifest.xml:102:13-93
	android:name
		ADDED from src\main\AndroidManifest.xml:101:13-86
activity#com.vuforia.engine.CoreSamples.app.ImageTargets.ImageTargets
ADDED from src\main\AndroidManifest.xml:108:9-114:20
	android:launchMode
		ADDED from src\main\AndroidManifest.xml:112:13-44
	android:configChanges
		ADDED from src\main\AndroidManifest.xml:110:13-93
	android:theme
		ADDED from src\main\AndroidManifest.xml:111:13-51
	android:name
		ADDED from src\main\AndroidManifest.xml:109:13-88
activity#com.vuforia.engine.CoreSamples.app.ModelTargets.ModelTargets
ADDED from src\main\AndroidManifest.xml:116:9-123:20
	android:screenOrientation
		ADDED from src\main\AndroidManifest.xml:119:13-50
	android:launchMode
		ADDED from src\main\AndroidManifest.xml:121:13-44
	android:configChanges
		ADDED from src\main\AndroidManifest.xml:118:13-93
	android:theme
		ADDED from src\main\AndroidManifest.xml:120:13-51
	android:name
		ADDED from src\main\AndroidManifest.xml:117:13-88
activity#com.vuforia.engine.CoreSamples.app.GroundPlane.GroundPlane
ADDED from src\main\AndroidManifest.xml:125:9-132:20
	android:screenOrientation
		ADDED from src\main\AndroidManifest.xml:128:13-50
	android:launchMode
		ADDED from src\main\AndroidManifest.xml:130:13-44
	android:configChanges
		ADDED from src\main\AndroidManifest.xml:127:13-93
	android:theme
		ADDED from src\main\AndroidManifest.xml:129:13-51
	android:name
		ADDED from src\main\AndroidManifest.xml:126:13-86
activity#com.vuforia.engine.CoreSamples.app.VuMark.VuMark
ADDED from src\main\AndroidManifest.xml:134:9-140:20
	android:launchMode
		ADDED from src\main\AndroidManifest.xml:138:13-44
	android:configChanges
		ADDED from src\main\AndroidManifest.xml:136:13-93
	android:theme
		ADDED from src\main\AndroidManifest.xml:137:13-51
	android:name
		ADDED from src\main\AndroidManifest.xml:135:13-76
activity#com.vuforia.engine.CoreSamples.app.CylinderTargets.CylinderTargets
ADDED from src\main\AndroidManifest.xml:142:9-148:20
	android:launchMode
		ADDED from src\main\AndroidManifest.xml:146:13-44
	android:configChanges
		ADDED from src\main\AndroidManifest.xml:144:13-93
	android:theme
		ADDED from src\main\AndroidManifest.xml:145:13-51
	android:name
		ADDED from src\main\AndroidManifest.xml:143:13-94
activity#com.vuforia.engine.CoreSamples.app.VirtualButtons.VirtualButtons
ADDED from src\main\AndroidManifest.xml:150:9-156:20
	android:launchMode
		ADDED from src\main\AndroidManifest.xml:154:13-44
	android:configChanges
		ADDED from src\main\AndroidManifest.xml:152:13-93
	android:theme
		ADDED from src\main\AndroidManifest.xml:153:13-51
	android:name
		ADDED from src\main\AndroidManifest.xml:151:13-92
activity#com.vuforia.engine.CoreSamples.app.UserDefinedTargets.UserDefinedTargets
ADDED from src\main\AndroidManifest.xml:158:9-164:20
	android:launchMode
		ADDED from src\main\AndroidManifest.xml:162:13-44
	android:configChanges
		ADDED from src\main\AndroidManifest.xml:160:13-93
	android:theme
		ADDED from src\main\AndroidManifest.xml:161:13-51
	android:name
		ADDED from src\main\AndroidManifest.xml:159:13-100
activity#com.vuforia.engine.CoreSamples.app.MultiTargets.MultiTargets
ADDED from src\main\AndroidManifest.xml:166:9-172:20
	android:launchMode
		ADDED from src\main\AndroidManifest.xml:170:13-44
	android:configChanges
		ADDED from src\main\AndroidManifest.xml:168:13-93
	android:theme
		ADDED from src\main\AndroidManifest.xml:169:13-51
	android:name
		ADDED from src\main\AndroidManifest.xml:167:13-88
activity#com.vuforia.engine.CoreSamples.app.CloudRecognition.CloudReco
ADDED from src\main\AndroidManifest.xml:174:9-180:20
	android:launchMode
		ADDED from src\main\AndroidManifest.xml:178:13-44
	android:configChanges
		ADDED from src\main\AndroidManifest.xml:176:13-93
	android:theme
		ADDED from src\main\AndroidManifest.xml:177:13-51
	android:name
		ADDED from src\main\AndroidManifest.xml:175:13-89
activity#com.vuforia.engine.CoreSamples.app.ObjectRecognition.ObjectTargets
ADDED from src\main\AndroidManifest.xml:182:9-188:20
	android:launchMode
		ADDED from src\main\AndroidManifest.xml:186:13-44
	android:configChanges
		ADDED from src\main\AndroidManifest.xml:184:13-93
	android:theme
		ADDED from src\main\AndroidManifest.xml:185:13-51
	android:name
		ADDED from src\main\AndroidManifest.xml:183:13-94
uses-sdk
INJECTED from src\main\AndroidManifest.xml reason: use-sdk injection requested
INJECTED from src\main\AndroidManifest.xml
INJECTED from src\main\AndroidManifest.xml
MERGED from [com.google.ar:core:1.10.0] AndroidManifest.xml:26:5-28:41
MERGED from [com.google.ar:core:1.10.0] AndroidManifest.xml:26:5-28:41
INJECTED from src\main\AndroidManifest.xml
INJECTED from src\main\AndroidManifest.xml
	android:targetSdkVersion
		INJECTED from src\main\AndroidManifest.xml
		ADDED from src\main\AndroidManifest.xml
		INJECTED from src\main\AndroidManifest.xml
	android:minSdkVersion
		INJECTED from src\main\AndroidManifest.xml
		ADDED from src\main\AndroidManifest.xml
		INJECTED from src\main\AndroidManifest.xml
meta-data#com.google.ar.core.min_apk_version
ADDED from [com.google.ar:core:1.10.0] AndroidManifest.xml:33:9-35:41
	android:value
		ADDED from [com.google.ar:core:1.10.0] AndroidManifest.xml:35:13-38
	android:name
		ADDED from [com.google.ar:core:1.10.0] AndroidManifest.xml:34:13-62
activity#com.google.ar.core.InstallActivity
ADDED from [com.google.ar:core:1.10.0] AndroidManifest.xml:37:9-43:80
	android:excludeFromRecents
		ADDED from [com.google.ar:core:1.10.0] AndroidManifest.xml:40:13-46
	android:launchMode
		ADDED from [com.google.ar:core:1.10.0] AndroidManifest.xml:42:13-43
	android:exported
		ADDED from [com.google.ar:core:1.10.0] AndroidManifest.xml:41:13-37
	android:configChanges
		ADDED from [com.google.ar:core:1.10.0] AndroidManifest.xml:39:13-74
	android:theme
		ADDED from [com.google.ar:core:1.10.0] AndroidManifest.xml:43:13-77
	android:name
		ADDED from [com.google.ar:core:1.10.0] AndroidManifest.xml:38:13-62